TN:
SF:src/constants.ts
FNF:0
FNH:0
DA:1,1
DA:2,1
DA:4,1
DA:5,1
DA:7,1
DA:8,1
DA:10,1
DA:11,1
DA:12,1
DA:13,1
DA:15,1
LF:11
LH:11
BRF:0
BRH:0
end_of_record
TN:
SF:src/logger.ts
FNF:0
FNH:0
DA:1,1
DA:2,1
DA:4,1
DA:5,1
DA:7,1
LF:5
LH:5
BRF:0
BRH:0
end_of_record
TN:
SF:src/utils.ts
FN:3,buildPageId
FN:7,adjustPageSize
FNF:2
FNH:2
FNDA:1,buildPageId
FNDA:12,adjustPageSize
DA:3,1
DA:4,1
DA:5,1
DA:7,1
DA:8,12
DA:9,12
DA:10,12
DA:11,12
DA:12,1
DA:13,1
DA:15,11
DA:16,11
LF:12
LH:12
BRDA:3,0,0,1
BRDA:7,1,0,12
BRDA:11,2,0,11
BRDA:11,3,0,1
BRF:4
BRH:4
end_of_record
TN:
SF:src/window.ts
FNF:0
FNH:0
DA:1,1
DA:2,1
DA:3,1
LF:3
LH:3
BRF:0
BRH:0
end_of_record
TN:
SF:src/paginate/DomState.ts
FN:16,<instance_members_initializer>
FN:24,DomState
FN:37,get completed
FN:40,get currentNode
FN:43,get previousNode
FN:47,goToNextNode
FN:58,goToNextSiblingOrParentSibling
FN:88,goToFirstChildOrNextNode
FN:99,setState
FNF:9
FNH:9
FNDA:11,<instance_members_initializer>
FNDA:11,DomState
FNDA:6,get completed
FNDA:8,get currentNode
FNDA:2,get previousNode
FNDA:35,goToNextNode
FNDA:3,goToNextSiblingOrParentSibling
FNDA:2,goToFirstChildOrNextNode
FNDA:38,setState
DA:1,1
DA:5,1
DA:6,1
DA:11,1
DA:13,1
DA:15,1
DA:16,1
DA:17,11
DA:18,11
DA:20,11
DA:21,11
DA:22,11
DA:24,1
DA:25,11
DA:26,11
DA:27,11
DA:28,11
DA:29,11
DA:30,11
DA:31,11
DA:32,11
DA:33,11
DA:34,11
DA:35,11
DA:37,1
DA:38,6
DA:39,6
DA:40,1
DA:41,8
DA:42,8
DA:43,1
DA:44,2
DA:45,2
DA:47,1
DA:48,35
DA:49,35
DA:50,2
DA:51,2
DA:53,35
DA:55,35
DA:56,35
DA:58,1
DA:59,3
DA:61,3
DA:62,1
DA:64,1
DA:65,1
DA:66,1
DA:69,3
DA:70,4
DA:72,4
DA:73,1
DA:74,1
DA:75,1
DA:76,1
DA:77,1
DA:79,1
DA:80,1
DA:81,1
DA:82,4
DA:84,1
DA:85,1
DA:86,3
DA:88,1
DA:89,2
DA:90,1
DA:91,1
DA:92,1
DA:93,1
DA:95,1
DA:96,1
DA:97,2
DA:99,1
DA:100,38
DA:101,38
DA:102,38
DA:103,38
DA:104,38
DA:105,38
DA:107,38
DA:108,38
DA:110,38
DA:111,38
DA:112,38
DA:113,38
DA:114,38
DA:115,1
LF:87
LH:87
BRDA:16,0,0,11
BRDA:24,1,0,11
BRDA:37,2,0,6
BRDA:40,3,0,8
BRDA:43,4,0,2
BRDA:47,5,0,35
BRDA:49,6,0,2
BRDA:58,7,0,3
BRDA:61,8,0,1
BRDA:66,9,0,2
BRDA:69,10,0,4
BRDA:72,11,0,1
BRDA:82,12,0,1
BRDA:88,13,0,2
BRDA:89,14,0,1
BRDA:99,15,0,38
BRF:16
BRH:16
end_of_record
TN:
SF:src/paginate/LayoutOptions.ts
FNF:0
FNH:0
DA:30,1
DA:31,1
DA:32,1
DA:33,1
DA:34,1
LF:5
LH:5
BRF:0
BRH:0
end_of_record
TN:
SF:src/paginate/PageManager.ts
FN:19,<instance_members_initializer>
FN:27,PageState
FN:45,create
FN:62,clone
FN:76,<instance_members_initializer>
FN:82,PageManager
FN:101,nextPage
FN:126,cloneParentStackToNewPage
FN:135,cleanupEmptyParent
FN:138,cleanup
FN:151,enterElement
FN:168,leaveElement
FN:180,createPageHtmlElement
FN:189,createNewPage
FN:202,startTransaction
FN:213,hasEmptySpace
FN:222,isOverFlow
FN:228,markPageAsFull
FN:232,appendChild
FN:243,addTextNode
FN:261,getPageState
FNF:21
FNH:21
FNDA:27,<instance_members_initializer>
FNDA:27,PageState
FNDA:25,create
FNDA:2,clone
FNDA:21,<instance_members_initializer>
FNDA:21,PageManager
FNDA:4,nextPage
FNDA:4,cloneParentStackToNewPage
FNDA:4,cleanupEmptyParent
FNDA:3,cleanup
FNDA:4,enterElement
FNDA:1,leaveElement
FNDA:21,createPageHtmlElement
FNDA:25,createNewPage
FNDA:2,startTransaction
FNDA:6,hasEmptySpace
FNDA:2,isOverFlow
FNDA:2,markPageAsFull
FNDA:6,appendChild
FNDA:4,addTextNode
FNDA:2,getPageState
DA:1,1
DA:8,1
DA:10,1
DA:11,1
DA:12,1
DA:13,1
DA:14,1
DA:16,1
DA:18,1
DA:19,1
DA:20,27
DA:21,27
DA:22,27
DA:23,27
DA:24,27
DA:25,27
DA:27,27
DA:28,27
DA:29,27
DA:30,27
DA:31,27
DA:32,27
DA:33,27
DA:34,27
DA:35,27
DA:36,27
DA:37,27
DA:38,27
DA:39,27
DA:40,27
DA:41,27
DA:42,27
DA:43,27
DA:45,27
DA:46,25
DA:47,25
DA:48,25
DA:49,25
DA:50,25
DA:51,25
DA:52,25
DA:53,25
DA:54,25
DA:55,25
DA:56,25
DA:57,25
DA:58,25
DA:59,25
DA:60,25
DA:62,27
DA:63,2
DA:64,2
DA:65,2
DA:66,2
DA:67,2
DA:68,2
DA:69,2
DA:70,2
DA:71,2
DA:72,2
DA:73,1
DA:75,1
DA:76,1
DA:78,21
DA:79,21
DA:80,21
DA:82,1
DA:83,21
DA:84,21
DA:85,21
DA:86,21
DA:87,21
DA:88,21
DA:89,21
DA:90,21
DA:92,21
DA:93,21
DA:94,21
DA:96,21
DA:97,21
DA:98,21
DA:99,21
DA:101,1
DA:102,4
DA:103,4
DA:104,4
DA:106,4
DA:107,4
DA:108,4
DA:109,4
DA:110,4
DA:111,4
DA:114,4
DA:115,4
DA:117,4
DA:118,4
DA:119,4
DA:120,4
DA:121,4
DA:122,4
DA:123,4
DA:124,4
DA:126,1
DA:127,4
DA:128,2
DA:129,2
DA:130,2
DA:131,2
DA:132,2
DA:133,4
DA:135,1
DA:136,4
DA:138,4
DA:140,3
DA:141,2
DA:142,2
DA:143,1
DA:144,1
DA:145,2
DA:146,3
DA:148,4
DA:149,4
DA:151,1
DA:152,4
DA:153,4
DA:154,4
DA:155,4
DA:156,1
DA:157,1
DA:159,3
DA:160,3
DA:161,3
DA:162,3
DA:163,3
DA:164,3
DA:165,3
DA:166,4
DA:168,1
DA:169,1
DA:172,1
DA:173,1
DA:176,1
DA:177,1
DA:178,1
DA:180,1
DA:181,21
DA:182,21
DA:183,21
DA:184,21
DA:186,21
DA:187,21
DA:189,1
DA:190,25
DA:191,25
DA:193,25
DA:194,1
DA:195,1
DA:196,1
DA:197,1
DA:199,25
DA:200,25
DA:202,1
DA:203,2
DA:205,2
DA:206,2
DA:207,1
DA:208,2
DA:210,2
DA:211,2
DA:213,1
DA:214,6
DA:215,6
DA:216,5
DA:217,5
DA:218,5
DA:220,6
DA:222,1
DA:223,2
DA:224,2
DA:226,2
DA:228,1
DA:229,2
DA:230,2
DA:232,1
DA:233,6
DA:235,6
DA:237,6
DA:238,6
DA:240,6
DA:241,6
DA:243,1
DA:244,4
DA:245,1
DA:246,1
DA:248,3
DA:249,3
DA:250,3
DA:251,3
DA:252,3
DA:253,3
DA:255,3
DA:256,3
DA:258,3
DA:259,4
DA:261,1
DA:262,2
DA:263,2
DA:264,1
LF:208
LH:208
BRDA:19,0,0,27
BRDA:27,1,0,27
BRDA:45,2,0,25
BRDA:62,3,0,2
BRDA:76,4,0,21
BRDA:82,5,0,21
BRDA:101,6,0,4
BRDA:126,7,0,4
BRDA:127,8,0,2
BRDA:135,9,0,4
BRDA:138,10,0,3
BRDA:140,11,0,2
BRDA:142,12,0,1
BRDA:151,13,0,4
BRDA:155,14,0,1
BRDA:157,15,0,3
BRDA:168,16,0,1
BRDA:180,17,0,21
BRDA:189,18,0,25
BRDA:193,19,0,1
BRDA:194,20,0,1
BRDA:202,21,0,2
BRDA:206,22,0,1
BRDA:213,23,0,6
BRDA:215,24,0,5
BRDA:217,25,0,2
BRDA:222,26,0,2
BRDA:228,27,0,2
BRDA:232,28,0,6
BRDA:243,29,0,4
BRDA:244,30,0,1
BRDA:244,31,0,1
BRDA:246,32,0,3
BRDA:261,33,0,2
BRF:34
BRH:34
end_of_record
TN:
SF:src/paginate/PageNodes.ts
FN:19,<instance_members_initializer>
FN:28,PageElement
FN:41,getOriginalNode
FN:49,appendChild
FN:59,clone
FN:79,getHeight
FN:83,remove
FN:89,isEmpty
FN:93,getChildrenCount
FN:97,getNode
FN:103,<instance_members_initializer>
FN:110,PageText
FN:120,get textContent
FN:124,set textContent
FN:128,remove
FN:134,getNode
FN:156,createPageNode
FNF:17
FNH:17
FNDA:33,<instance_members_initializer>
FNDA:33,PageElement
FNDA:2,getOriginalNode
FNDA:6,appendChild
FNDA:5,clone
FNDA:1,getHeight
FNDA:2,remove
FNDA:2,isEmpty
FNDA:1,getChildrenCount
FNDA:12,getNode
FNDA:7,<instance_members_initializer>
FNDA:7,PageText
FNDA:3,get textContent
FNDA:1,set textContent
FNDA:2,remove
FNDA:3,getNode
FNDA:4,createPageNode
DA:1,1
DA:2,1
DA:3,1
DA:13,1
DA:14,1
DA:15,1
DA:16,1
DA:18,1
DA:19,1
DA:21,33
DA:23,33
DA:24,33
DA:25,33
DA:26,33
DA:28,1
DA:29,33
DA:30,33
DA:31,33
DA:32,33
DA:33,33
DA:34,33
DA:35,33
DA:36,33
DA:37,33
DA:38,33
DA:39,33
DA:41,1
DA:42,2
DA:43,2
DA:44,1
DA:45,1
DA:46,2
DA:47,2
DA:49,1
DA:50,6
DA:51,3
DA:52,1
DA:53,3
DA:54,3
DA:56,6
DA:57,6
DA:59,1
DA:60,5
DA:61,5
DA:62,5
DA:63,5
DA:64,5
DA:65,5
DA:66,5
DA:68,5
DA:69,5
DA:70,5
DA:71,5
DA:72,5
DA:73,5
DA:74,5
DA:76,5
DA:77,5
DA:79,1
DA:80,1
DA:81,1
DA:83,1
DA:84,2
DA:85,2
DA:86,2
DA:87,2
DA:89,1
DA:90,2
DA:91,2
DA:93,1
DA:94,1
DA:95,1
DA:97,1
DA:98,12
DA:99,12
DA:100,1
DA:102,1
DA:103,1
DA:105,7
DA:106,7
DA:108,7
DA:110,1
DA:111,7
DA:112,7
DA:113,7
DA:114,7
DA:115,7
DA:116,7
DA:117,7
DA:118,7
DA:120,1
DA:121,3
DA:122,3
DA:124,1
DA:125,1
DA:126,1
DA:128,1
DA:129,2
DA:130,2
DA:131,2
DA:132,2
DA:134,1
DA:135,3
DA:136,3
DA:137,1
DA:156,1
DA:157,4
DA:158,4
DA:159,4
DA:160,4
DA:161,4
DA:162,1
DA:163,4
DA:164,2
DA:165,2
DA:167,1
DA:168,1
LF:117
LH:117
BRDA:19,0,0,33
BRDA:28,1,0,33
BRDA:38,2,0,5
BRDA:38,3,0,28
BRDA:41,4,0,2
BRDA:43,5,0,3
BRDA:43,6,0,1
BRDA:49,7,0,6
BRDA:50,8,0,3
BRDA:51,9,0,1
BRDA:59,10,0,5
BRDA:79,11,0,1
BRDA:83,12,0,2
BRDA:84,13,0,2
BRDA:89,14,0,2
BRDA:93,15,0,1
BRDA:97,16,0,12
BRDA:103,17,0,7
BRDA:110,18,0,7
BRDA:120,19,0,3
BRDA:121,20,0,1
BRDA:124,21,0,1
BRDA:128,22,0,2
BRDA:129,23,0,2
BRDA:134,24,0,3
BRDA:156,25,0,4
BRDA:161,26,0,1
BRDA:163,27,0,3
BRDA:163,28,0,2
BRDA:165,29,0,1
BRF:30
BRH:30
end_of_record
TN:
SF:src/paginate/PaginationOptions.ts
FN:27,resolvePaginationOptions
FNF:1
FNH:1
FNDA:40,resolvePaginationOptions
DA:1,1
DA:3,1
DA:21,1
DA:22,1
DA:23,1
DA:24,1
DA:25,1
DA:27,1
DA:28,40
DA:29,40
DA:30,40
DA:31,40
DA:33,40
DA:34,40
LF:14
LH:14
BRDA:27,0,0,40
BRF:1
BRH:1
end_of_record
TN:
SF:src/paginate/PaginationPlugin.ts
FN:53,callPluginHook
FNF:1
FNH:1
FNDA:68,callPluginHook
DA:4,1
DA:7,1
DA:53,1
DA:54,68
DA:55,68
DA:56,68
DA:57,68
DA:58,68
DA:59,68
DA:60,68
DA:61,19
DA:62,19
DA:63,9
DA:64,9
DA:66,10
DA:67,10
DA:68,10
DA:69,10
DA:70,10
DA:72,10
DA:73,10
DA:74,10
DA:75,10
DA:76,10
DA:77,10
DA:78,10
DA:79,19
DA:80,1
DA:81,1
DA:82,1
DA:83,1
DA:84,1
DA:85,1
DA:86,68
DA:87,68
LF:35
LH:35
BRDA:53,0,0,68
BRDA:59,1,0,3
BRDA:60,2,0,19
BRDA:62,3,0,9
BRDA:64,4,0,10
BRDA:79,5,0,1
BRF:6
BRH:6
end_of_record
TN:
SF:src/paginate/Paginator.ts
FN:25,<instance_members_initializer>
FN:31,Paginator
FN:48,createTempContainer
FN:63,paginate
FN:88,processAllNodes
FN:133,handleNodeSkipped
FN:140,handleFullNodePlaced
FN:150,handleChildrenSplit
FN:164,processCurrentNode
FNF:9
FNH:9
FNDA:13,<instance_members_initializer>
FNDA:13,Paginator
FNDA:13,createTempContainer
FNDA:13,paginate
FNDA:13,processAllNodes
FNDA:5,handleNodeSkipped
FNDA:5,handleFullNodePlaced
FNDA:3,handleChildrenSplit
FNDA:13,processCurrentNode
DA:1,1
DA:2,1
DA:4,1
DA:5,1
DA:6,1
DA:7,1
DA:8,1
DA:9,1
DA:10,1
DA:14,1
DA:15,1
DA:16,1
DA:17,1
DA:18,1
DA:20,1
DA:24,1
DA:25,1
DA:26,13
DA:27,13
DA:28,13
DA:29,13
DA:31,1
DA:32,13
DA:33,13
DA:34,13
DA:35,13
DA:36,13
DA:37,13
DA:38,13
DA:39,13
DA:40,13
DA:41,13
DA:42,13
DA:43,13
DA:44,13
DA:45,13
DA:46,13
DA:48,1
DA:49,13
DA:50,13
DA:51,13
DA:52,13
DA:53,13
DA:55,13
DA:56,13
DA:57,12
DA:58,12
DA:59,13
DA:60,13
DA:61,13
DA:63,1
DA:64,13
DA:65,13
DA:66,13
DA:67,13
DA:68,13
DA:69,13
DA:71,13
DA:72,13
DA:73,13
DA:75,13
DA:76,1
DA:77,2
DA:78,2
DA:79,2
DA:80,1
DA:81,13
DA:82,12
DA:83,12
DA:85,13
DA:86,13
DA:88,1
DA:89,13
DA:91,13
DA:92,13
DA:93,13
DA:94,13
DA:95,13
DA:96,13
DA:97,13
DA:99,13
DA:100,13
DA:101,13
DA:102,13
DA:103,13
DA:104,13
DA:105,13
DA:106,13
DA:108,13
DA:109,13
DA:110,5
DA:111,5
DA:113,13
DA:114,5
DA:115,5
DA:117,13
DA:118,3
DA:119,3
DA:120,13
DA:121,13
DA:123,13
DA:124,13
DA:125,13
DA:126,13
DA:127,13
DA:128,13
DA:129,13
DA:130,13
DA:131,13
DA:133,1
DA:134,5
DA:136,5
DA:137,5
DA:138,5
DA:140,1
DA:141,5
DA:143,5
DA:144,5
DA:145,5
DA:146,2
DA:147,2
DA:148,5
DA:150,1
DA:151,3
DA:152,3
DA:153,3
DA:154,3
DA:156,3
DA:157,3
DA:158,1
DA:159,3
DA:160,1
DA:161,1
DA:162,3
DA:164,1
DA:165,13
DA:166,4
DA:167,4
DA:169,13
DA:171,7
DA:172,7
DA:173,7
DA:174,7
DA:175,7
DA:176,7
DA:177,7
DA:178,7
DA:179,7
DA:180,7
DA:181,1
DA:182,1
DA:185,6
DA:186,6
DA:187,6
DA:188,6
DA:189,13
DA:191,2
DA:192,2
DA:193,2
DA:194,2
DA:195,2
DA:196,2
DA:197,2
DA:198,2
DA:199,2
DA:200,2
DA:201,1
DA:202,1
DA:205,1
DA:206,1
DA:207,1
DA:208,1
DA:209,1
DA:210,13
DA:211,1
LF:175
LH:175
BRDA:25,0,0,13
BRDA:31,1,0,13
BRDA:48,2,0,13
BRDA:56,3,0,12
BRDA:63,4,0,13
BRDA:75,5,0,1
BRDA:81,6,0,12
BRDA:72,7,0,2
BRDA:73,8,0,2
BRDA:76,9,0,2
BRDA:88,10,0,13
BRDA:109,11,0,5
BRDA:113,12,0,5
BRDA:117,13,0,3
BRDA:133,14,0,5
BRDA:140,15,0,5
BRDA:145,16,0,2
BRDA:150,17,0,3
BRDA:157,18,0,1
BRDA:159,19,0,1
BRDA:164,20,0,13
BRDA:165,21,0,4
BRDA:167,22,0,9
BRDA:169,23,0,7
BRDA:180,24,0,1
BRDA:182,25,0,6
BRDA:189,26,0,2
BRDA:200,27,0,1
BRF:28
BRH:28
end_of_record
TN:
SF:src/paginate/RealizedPageSize.ts
FN:1,(empty-report)
FNF:1
FNH:1
FNDA:1,(empty-report)
LF:0
LH:0
BRDA:1,0,0,1
BRF:1
BRH:1
end_of_record
TN:
SF:src/paginate/SplitResult.ts
FNF:0
FNH:0
DA:1,1
DA:2,1
DA:3,1
DA:4,1
DA:5,1
LF:5
LH:5
BRF:0
BRH:0
end_of_record
TN:
SF:src/paginate/Transaction.ts
FN:2,<instance_members_initializer>
FN:6,Transaction
FN:12,start
FN:21,addRollbackCallback
FN:25,addCommitCallback
FN:33,rollback
FN:39,commit
FNF:7
FNH:7
FNDA:61,<instance_members_initializer>
FNDA:61,Transaction
FNDA:12,start
FNDA:10,addRollbackCallback
FNDA:11,addCommitCallback
FNDA:5,rollback
FNDA:5,commit
DA:1,1
DA:2,1
DA:3,61
DA:4,61
DA:6,61
DA:7,61
DA:8,61
DA:9,61
DA:10,61
DA:12,61
DA:13,12
DA:14,1
DA:15,1
DA:16,11
DA:17,11
DA:18,11
DA:19,12
DA:21,61
DA:22,10
DA:23,10
DA:25,61
DA:26,11
DA:27,6
DA:28,6
DA:29,6
DA:30,5
DA:31,11
DA:33,61
DA:34,5
DA:35,4
DA:36,4
DA:37,5
DA:39,61
DA:40,5
DA:41,4
DA:42,4
DA:43,5
DA:44,1
LF:38
LH:38
BRDA:2,0,0,61
BRDA:6,1,0,61
BRDA:12,2,0,12
BRDA:13,3,0,1
BRDA:15,4,0,11
BRDA:21,5,0,10
BRDA:25,6,0,11
BRDA:26,7,0,9
BRDA:26,8,0,6
BRDA:29,9,0,5
BRDA:33,10,0,5
BRDA:34,11,0,1
BRDA:34,12,0,4
BRDA:36,13,0,5
BRDA:39,14,0,5
BRDA:40,15,0,1
BRDA:40,16,0,4
BRDA:42,17,0,5
BRF:18
BRH:18
end_of_record
TN:
SF:src/paginate/attributes.ts
FN:18,reader
FN:22,reader
FN:26,reader
FN:30,layoutOptionsToAttributes
FN:45,assignAttribute
FN:61,getNodeLayoutOptionsFromAttribute
FNF:6
FNH:6
FNDA:5,reader
FNDA:2,reader
FNDA:3,reader
FNDA:3,layoutOptionsToAttributes
FNDA:132,assignAttribute
FNDA:64,getNodeLayoutOptionsFromAttribute
DA:1,1
DA:2,1
DA:11,1
DA:12,1
DA:13,1
DA:15,1
DA:16,1
DA:17,1
DA:18,1
DA:19,1
DA:20,1
DA:21,1
DA:22,1
DA:23,1
DA:24,1
DA:25,1
DA:26,1
DA:27,1
DA:28,1
DA:30,1
DA:31,3
DA:32,3
DA:33,3
DA:34,3
DA:35,5
DA:36,5
DA:37,4
DA:38,4
DA:39,5
DA:40,3
DA:41,3
DA:43,1
DA:45,132
DA:46,132
DA:47,132
DA:48,132
DA:49,132
DA:50,132
DA:51,132
DA:52,122
DA:53,122
DA:55,10
DA:56,10
DA:57,10
DA:58,10
DA:59,132
DA:61,1
DA:62,64
DA:63,64
DA:64,64
DA:65,2
DA:66,2
DA:68,64
DA:69,18
DA:70,18
DA:72,44
DA:73,64
DA:74,132
DA:75,132
DA:77,132
DA:78,132
DA:79,132
DA:84,44
DA:85,31
DA:86,13
DA:88,64
DA:89,64
DA:91,64
DA:92,64
LF:69
LH:69
BRDA:18,0,0,5
BRDA:22,1,0,2
BRDA:26,2,0,3
BRDA:30,3,0,3
BRDA:34,4,0,5
BRDA:36,5,0,4
BRDA:45,6,0,132
BRDA:51,7,0,122
BRDA:53,8,0,10
BRDA:61,9,0,64
BRDA:64,10,0,2
BRDA:66,11,0,62
BRDA:68,12,0,18
BRDA:70,13,0,44
BRDA:73,14,0,132
BRDA:79,15,0,44
BRDA:84,16,0,31
BRDA:85,17,0,13
BRF:18
BRH:18
end_of_record
TN:
SF:src/paginate/domUtilities.ts
FN:1,isElement
FN:5,isTextNode
FN:9,getVisibleHeight
FN:19,moveOffscreen
FNF:4
FNH:4
FNDA:5,isElement
FNDA:4,isTextNode
FNDA:2,getVisibleHeight
FNDA:12,moveOffscreen
DA:1,1
DA:2,5
DA:3,5
DA:5,1
DA:6,4
DA:7,4
DA:9,1
DA:10,2
DA:11,2
DA:13,2
DA:14,2
DA:16,2
DA:17,2
DA:19,1
DA:20,12
DA:21,12
DA:22,12
DA:23,12
DA:24,12
LF:19
LH:19
BRDA:1,0,0,5
BRDA:5,1,0,4
BRDA:9,2,0,2
BRDA:13,3,0,1
BRDA:14,4,0,1
BRDA:19,5,0,12
BRF:6
BRH:6
end_of_record
TN:
SF:src/paginate/paginateElement.ts
FN:11,paginateElementAcrossPages
FN:40,tryPlaceElement
FNF:2
FNH:2
FNDA:6,paginateElementAcrossPages
FNDA:10,tryPlaceElement
DA:1,1
DA:2,1
DA:3,1
DA:11,1
DA:12,6
DA:13,6
DA:14,6
DA:16,6
DA:17,6
DA:18,2
DA:19,2
DA:22,4
DA:23,4
DA:25,4
DA:26,6
DA:27,1
DA:28,1
DA:29,1
DA:31,3
DA:32,3
DA:33,3
DA:34,3
DA:40,10
DA:41,10
DA:42,10
DA:43,10
DA:45,10
DA:47,3
DA:48,3
DA:50,1
DA:51,3
DA:52,2
DA:53,2
DA:54,3
DA:56,8
DA:57,8
DA:58,6
DA:59,10
DA:61,5
DA:62,5
DA:65,3
DA:66,10
DA:67,2
DA:68,2
DA:69,2
DA:71,1
DA:72,1
LF:47
LH:47
BRDA:11,0,0,6
BRDA:17,1,0,2
BRDA:19,2,0,4
BRDA:26,3,0,1
BRDA:29,4,0,3
BRDA:40,5,0,10
BRDA:45,6,0,3
BRDA:48,7,0,1
BRDA:51,8,0,2
BRDA:54,9,0,8
BRDA:57,10,0,6
BRDA:59,11,0,5
BRDA:62,12,0,3
BRDA:66,13,0,2
BRDA:69,14,0,1
BRF:15
BRH:15
end_of_record
TN:
SF:src/paginate/paginateText.ts
FN:18,paginateTextByWord
FN:50,processToken
FN:82,handleTokenOverflow
FN:130,hyphenation
FNF:4
FNH:4
FNDA:9,paginateTextByWord
FNDA:30,processToken
FNDA:15,handleTokenOverflow
FNDA:11,hyphenation
DA:1,1
DA:4,1
DA:18,1
DA:19,9
DA:20,9
DA:21,9
DA:22,9
DA:24,9
DA:25,9
DA:26,9
DA:28,9
DA:29,9
DA:31,9
DA:32,30
DA:33,30
DA:35,30
DA:36,5
DA:37,5
DA:39,30
DA:40,2
DA:41,30
DA:42,28
DA:43,28
DA:44,28
DA:45,30
DA:47,9
DA:48,9
DA:50,30
DA:51,30
DA:52,30
DA:53,30
DA:57,30
DA:58,30
DA:61,30
DA:62,30
DA:64,30
DA:66,15
DA:67,15
DA:68,15
DA:69,15
DA:72,15
DA:74,15
DA:76,15
DA:77,15
DA:78,15
DA:79,15
DA:80,15
DA:82,15
DA:83,15
DA:84,15
DA:85,15
DA:89,15
DA:91,15
DA:92,15
DA:93,15
DA:95,15
DA:97,3
DA:99,3
DA:100,3
DA:101,3
DA:102,3
DA:105,12
DA:107,15
DA:110,5
DA:112,5
DA:113,5
DA:114,5
DA:115,5
DA:119,15
DA:120,1
DA:121,1
DA:123,7
DA:124,7
DA:125,7
DA:126,15
DA:127,15
DA:128,15
DA:130,1
DA:131,11
DA:132,11
DA:133,11
DA:134,11
DA:135,11
DA:136,11
DA:138,11
DA:139,31
DA:142,31
DA:143,31
DA:145,31
DA:147,4
DA:149,4
DA:152,4
DA:153,4
DA:155,27
DA:156,27
DA:159,7
DA:160,7
LF:97
LH:97
BRDA:18,0,0,9
BRDA:31,1,0,37
BRDA:31,2,0,30
BRDA:32,3,0,28
BRDA:35,4,0,5
BRDA:39,5,0,2
BRDA:41,6,0,28
BRDA:26,7,0,29
BRDA:50,8,0,30
BRDA:64,9,0,15
BRDA:82,10,0,15
BRDA:95,11,0,3
BRDA:102,12,0,12
BRDA:107,13,0,5
BRDA:115,14,0,7
BRDA:119,15,0,1
BRDA:121,16,0,7
BRDA:126,17,0,2
BRDA:126,18,0,2
BRDA:126,19,0,5
BRDA:130,20,0,11
BRDA:138,21,0,31
BRDA:145,22,0,4
BRDA:147,23,0,2
BRDA:147,24,0,2
BRDA:153,25,0,27
BRDA:156,26,0,7
BRF:27
BRH:27
end_of_record
TN:
SF:src/plugins/PageBreakPlugin.ts
FN:13,<instance_members_initializer>
FN:16,onVisitElement
FNF:2
FNH:2
FNDA:2,<instance_members_initializer>
FNDA:6,onVisitElement
DA:8,1
DA:10,1
DA:12,1
DA:13,1
DA:14,2
DA:16,2
DA:17,6
DA:18,6
DA:19,6
DA:20,6
DA:21,6
DA:22,6
DA:23,6
DA:24,6
DA:25,6
DA:26,6
DA:27,2
DA:30,2
DA:31,2
DA:32,6
DA:33,1
LF:21
LH:21
BRDA:13,0,0,2
BRDA:16,1,0,6
BRDA:26,2,0,2
BRF:3
BRH:3
end_of_record
TN:
SF:src/plugins/SectionTocPlugin.ts
FN:16,<instance_members_initializer>
FN:21,getContentList
FN:25,onVisitElement
FN:52,getHeadingLevel
FNF:4
FNH:4
FNDA:5,<instance_members_initializer>
FNDA:4,getContentList
FNDA:3,onVisitElement
FNDA:10,getHeadingLevel
DA:6,1
DA:15,1
DA:16,1
DA:17,5
DA:19,5
DA:21,5
DA:22,4
DA:23,4
DA:25,5
DA:26,3
DA:27,3
DA:28,3
DA:29,3
DA:30,3
DA:31,3
DA:32,3
DA:34,3
DA:36,1
DA:39,1
DA:40,1
DA:41,1
DA:43,3
DA:44,3
DA:45,3
DA:46,3
DA:47,3
DA:48,3
DA:49,3
DA:50,3
DA:52,1
DA:53,10
DA:54,10
DA:55,8
DA:56,2
DA:57,10
DA:58,1
LF:36
LH:36
BRDA:16,0,0,5
BRDA:21,1,0,4
BRDA:25,2,0,3
BRDA:34,3,0,2
BRDA:34,4,0,2
BRDA:34,5,0,1
BRDA:52,6,0,10
BRDA:54,7,0,8
BRDA:55,8,0,2
BRF:9
BRH:9
end_of_record
TN:
SF:src/plugins/TablePlugin.ts
FN:33,<instance_members_initializer>
FN:38,TablePlugin
FN:42,onNewPage
FN:83,onVisitElement
FN:101,onClone
FN:134,_isTable
FN:140,_isTableBodyEmpty
FNF:7
FNH:7
FNDA:57,<instance_members_initializer>
FNDA:57,TablePlugin
FNDA:11,onNewPage
FNDA:5,onVisitElement
FNDA:13,onClone
FNDA:22,_isTable
FNDA:7,_isTableBodyEmpty
DA:2,1
DA:12,1
DA:32,1
DA:33,1
DA:35,57
DA:36,57
DA:38,57
DA:39,57
DA:40,57
DA:42,57
DA:43,11
DA:44,1
DA:45,1
DA:47,10
DA:48,10
DA:49,9
DA:50,10
DA:51,11
DA:52,2
DA:53,2
DA:56,8
DA:57,8
DA:59,8
DA:60,8
DA:61,11
DA:62,1
DA:63,1
DA:65,7
DA:66,11
DA:67,3
DA:68,3
DA:70,4
DA:72,4
DA:73,11
DA:74,1
DA:75,1
DA:76,1
DA:77,1
DA:78,1
DA:79,1
DA:80,1
DA:81,11
DA:83,57
DA:84,5
DA:85,5
DA:86,5
DA:87,5
DA:88,5
DA:89,5
DA:90,5
DA:91,1
DA:92,5
DA:94,1
DA:95,4
DA:97,1
DA:98,1
DA:99,5
DA:101,57
DA:102,13
DA:103,2
DA:104,2
DA:106,11
DA:107,13
DA:110,1
DA:111,1
DA:113,10
DA:114,10
DA:115,13
DA:116,3
DA:117,3
DA:118,3
DA:119,3
DA:120,3
DA:121,3
DA:122,3
DA:123,10
DA:124,13
DA:125,3
DA:126,3
DA:127,3
DA:128,3
DA:129,3
DA:130,3
DA:131,3
DA:132,13
DA:134,1
DA:135,22
DA:136,22
DA:137,22
DA:138,22
DA:140,1
DA:141,7
DA:142,7
DA:143,7
DA:145,5
DA:146,7
DA:147,7
DA:149,3
DA:150,7
DA:151,7
DA:153,1
DA:154,7
DA:155,7
DA:156,1
LF:104
LH:104
BRDA:33,0,0,57
BRDA:38,1,0,57
BRDA:42,2,0,11
BRDA:43,3,0,1
BRDA:45,4,0,10
BRDA:51,5,0,9
BRDA:51,6,0,2
BRDA:53,7,0,8
BRDA:61,8,0,1
BRDA:63,9,0,7
BRDA:66,10,0,3
BRDA:68,11,0,4
BRDA:73,12,0,1
BRDA:48,13,0,9
BRDA:83,14,0,5
BRDA:90,15,0,1
BRDA:92,16,0,4
BRDA:92,17,0,2
BRDA:92,18,0,1
BRDA:95,19,0,3
BRDA:95,20,0,2
BRDA:95,21,0,1
BRDA:101,22,0,13
BRDA:102,23,0,12
BRDA:102,24,0,2
BRDA:104,25,0,11
BRDA:107,26,0,10
BRDA:107,27,0,1
BRDA:111,28,0,10
BRDA:115,29,0,9
BRDA:115,30,0,3
BRDA:122,31,0,10
BRDA:124,32,0,9
BRDA:124,33,0,3
BRDA:134,34,0,22
BRDA:140,35,0,7
BRDA:143,36,0,2
BRDA:143,37,0,5
BRDA:146,38,0,1
BRDA:146,39,0,4
BRDA:147,40,0,1
BRDA:147,41,0,3
BRDA:150,42,0,1
BRDA:150,43,0,2
BRDA:151,44,0,1
BRF:45
BRH:45
end_of_record
TN:
SF:src/plugins/debugPlugin.ts
FN:7,onNewPage
FNF:1
FNH:1
FNDA:3,onNewPage
DA:1,1
DA:4,1
DA:5,1
DA:6,1
DA:7,1
DA:8,3
DA:10,3
DA:11,2
DA:12,2
DA:14,3
DA:15,3
DA:16,3
DA:17,3
DA:18,3
DA:19,3
DA:20,1
LF:16
LH:16
BRDA:7,0,0,3
BRDA:10,1,0,2
BRF:2
BRH:2
end_of_record
TN:
SF:src/report/EventDispatcher.ts
FN:8,<instance_members_initializer>
FN:13,addEventListener
FN:26,removeEventListener
FN:37,dispatch
FNF:4
FNH:4
FNDA:37,<instance_members_initializer>
FNDA:27,addEventListener
FNDA:1,removeEventListener
FNDA:53,dispatch
DA:7,1
DA:8,1
DA:11,37
DA:13,1
DA:14,27
DA:15,27
DA:16,27
DA:17,27
DA:18,27
DA:20,27
DA:21,27
DA:23,27
DA:24,27
DA:26,1
DA:27,1
DA:28,1
DA:29,1
DA:30,1
DA:31,1
DA:33,1
DA:34,1
DA:35,1
DA:37,1
DA:38,53
DA:39,53
DA:40,53
DA:41,53
DA:42,53
DA:44,53
DA:45,28
DA:46,28
DA:48,25
DA:49,25
DA:50,25
DA:51,53
DA:52,1
LF:36
LH:36
BRDA:8,0,0,37
BRDA:13,1,0,27
BRDA:23,2,0,1
BRDA:26,3,0,1
BRDA:37,4,0,53
BRDA:44,5,0,28
BRDA:46,6,0,25
BRF:7
BRH:7
end_of_record
TN:
SF:src/report/PromiseTracker.ts
FN:15,<instance_members_initializer>
FN:19,PromiseTracker
FN:24,toPromise
FN:40,then
FN:46,add
FN:60,toTracked
FN:77,injectEvents
FN:84,getPending
FNF:8
FNH:8
FNDA:18,<instance_members_initializer>
FNDA:18,PromiseTracker
FNDA:22,toPromise
FNDA:7,then
FNDA:17,add
FNDA:21,toTracked
FNDA:10,injectEvents
FNDA:32,getPending
DA:1,1
DA:14,1
DA:15,1
DA:17,18
DA:19,1
DA:20,18
DA:21,18
DA:22,18
DA:24,1
DA:25,22
DA:26,14
DA:27,14
DA:28,14
DA:29,14
DA:30,14
DA:31,14
DA:32,2
DA:33,2
DA:34,12
DA:35,14
DA:36,14
DA:37,8
DA:38,22
DA:40,1
DA:41,7
DA:42,7
DA:43,7
DA:44,7
DA:46,1
DA:47,17
DA:50,17
DA:52,17
DA:53,12
DA:54,12
DA:55,12
DA:57,5
DA:58,17
DA:60,1
DA:61,21
DA:62,21
DA:63,21
DA:64,21
DA:66,21
DA:67,21
DA:68,19
DA:69,21
DA:70,21
DA:71,2
DA:72,21
DA:74,21
DA:75,21
DA:77,1
DA:78,10
DA:79,10
DA:80,10
DA:81,10
DA:82,10
DA:84,1
DA:85,32
DA:86,32
DA:87,32
DA:88,32
DA:89,1
LF:63
LH:63
BRDA:15,0,0,18
BRDA:19,1,0,18
BRDA:24,2,0,22
BRDA:25,3,0,14
BRDA:36,4,0,8
BRDA:26,5,0,19
BRDA:27,6,0,14
BRDA:31,7,0,2
BRDA:33,8,0,12
BRDA:29,9,0,19
BRDA:40,10,0,7
BRDA:46,11,0,17
BRDA:52,12,0,12
BRDA:55,13,0,5
BRDA:50,14,0,17
BRDA:57,15,0,10
BRDA:60,16,0,21
BRDA:67,17,0,19
BRDA:70,18,0,2
BRDA:77,19,0,10
BRDA:78,20,0,10
BRDA:84,21,0,32
BRDA:86,22,0,48
BRF:23
BRH:23
end_of_record
TN:
SF:src/report/ReportBuilder.ts
FN:55,<instance_members_initializer>
FN:64,ReportBuilder
FN:79,get monitor
FN:86,removeSection
FN:98,tryAddSection
FN:152,schedulePagination
FN:195,getJsonData
FN:202,_executePagination
FN:212,trackers
FN:277,_processPendingPagination
FN:296,_injectStyle
FN:313,_paginateSection
FNF:12
FNH:12
FNDA:15,<instance_members_initializer>
FNDA:15,ReportBuilder
FNDA:6,get monitor
FNDA:1,removeSection
FNDA:11,tryAddSection
FNDA:9,schedulePagination
FNDA:4,getJsonData
FNDA:7,_executePagination
FNDA:1,trackers
FNDA:7,_processPendingPagination
FNDA:25,_injectStyle
FNDA:6,_paginateSection
DA:1,1
DA:2,1
DA:3,1
DA:4,1
DA:6,1
DA:11,1
DA:12,1
DA:13,1
DA:19,1
DA:20,1
DA:21,1
DA:22,1
DA:23,1
DA:31,1
DA:54,1
DA:55,1
DA:56,15
DA:57,15
DA:58,15
DA:62,15
DA:64,15
DA:65,15
DA:66,15
DA:67,15
DA:68,15
DA:69,15
DA:71,15
DA:72,15
DA:73,15
DA:79,15
DA:80,6
DA:81,6
DA:86,15
DA:87,1
DA:88,1
DA:98,15
DA:99,11
DA:100,11
DA:101,11
DA:102,11
DA:103,11
DA:104,1
DA:105,1
DA:107,10
DA:108,10
DA:109,10
DA:110,10
DA:111,11
DA:112,11
DA:113,11
DA:114,11
DA:115,11
DA:116,11
DA:117,11
DA:118,11
DA:119,11
DA:120,11
DA:121,11
DA:122,11
DA:123,11
DA:125,11
DA:126,11
DA:128,11
DA:129,11
DA:130,11
DA:132,11
DA:134,10
DA:135,11
DA:152,15
DA:153,9
DA:154,2
DA:155,2
DA:156,2
DA:157,2
DA:158,2
DA:159,2
DA:161,9
DA:162,2
DA:163,2
DA:164,2
DA:165,2
DA:166,2
DA:167,2
DA:168,2
DA:169,2
DA:172,9
DA:173,2
DA:174,2
DA:175,2
DA:176,2
DA:178,5
DA:179,9
DA:195,15
DA:196,4
DA:197,4
DA:198,4
DA:200,15
DA:202,1
DA:203,7
DA:204,7
DA:205,7
DA:207,7
DA:208,7
DA:210,7
DA:211,7
DA:212,1
DA:213,1
DA:214,1
DA:215,1
DA:217,6
DA:218,7
DA:219,7
DA:221,7
DA:222,7
DA:223,7
DA:224,1
DA:225,1
DA:226,1
DA:227,1
DA:228,7
DA:230,7
DA:231,7
DA:232,1
DA:233,1
DA:235,6
DA:236,6
DA:237,6
DA:238,6
DA:239,6
DA:240,6
DA:241,7
DA:243,7
DA:244,7
DA:246,6
DA:247,6
DA:248,6
DA:249,6
DA:250,6
DA:251,6
DA:252,6
DA:253,6
DA:254,6
DA:256,7
DA:257,1
DA:258,1
DA:259,1
DA:260,1
DA:262,5
DA:264,5
DA:265,5
DA:266,5
DA:267,4
DA:268,5
DA:269,5
DA:270,7
DA:271,7
DA:272,7
DA:273,7
DA:274,7
DA:275,7
DA:277,1
DA:278,7
DA:279,5
DA:280,5
DA:282,2
DA:283,2
DA:284,2
DA:285,2
DA:287,2
DA:288,2
DA:290,2
DA:291,7
DA:292,4
DA:293,4
DA:294,7
DA:296,1
DA:297,25
DA:298,25
DA:299,25
DA:300,25
DA:301,3
DA:302,3
DA:303,3
DA:304,3
DA:305,3
DA:307,25
DA:308,25
DA:309,25
DA:310,25
DA:311,25
DA:313,1
DA:314,6
DA:316,6
DA:317,6
DA:318,6
DA:319,6
DA:320,6
DA:321,6
DA:322,6
DA:324,6
DA:325,6
DA:326,6
DA:328,6
DA:330,6
DA:331,2
DA:332,2
DA:333,2
DA:334,2
DA:335,2
DA:336,2
DA:337,6
DA:338,2
DA:339,2
DA:340,2
DA:342,6
DA:343,6
DA:345,6
DA:346,2
DA:347,2
DA:348,2
DA:349,6
DA:350,2
DA:351,2
DA:352,2
DA:353,2
DA:354,2
DA:355,2
DA:357,6
DA:359,6
DA:360,6
DA:361,6
DA:362,6
DA:363,6
DA:364,6
DA:366,6
DA:367,1
DA:368,1
DA:370,1
DA:371,1
DA:373,1
DA:374,1
DA:375,1
DA:376,1
DA:378,5
DA:379,5
DA:380,5
DA:381,5
DA:382,5
DA:383,5
DA:384,5
DA:385,6
DA:386,6
DA:387,6
DA:388,6
DA:389,6
DA:390,6
DA:391,6
DA:392,6
DA:394,6
DA:395,6
DA:396,6
DA:397,6
DA:398,6
DA:399,6
DA:400,6
DA:402,6
DA:403,6
DA:404,6
DA:405,6
DA:406,6
DA:407,6
DA:408,6
DA:409,6
DA:410,6
DA:411,6
DA:413,6
DA:415,6
DA:416,6
DA:417,6
DA:418,5
DA:419,6
DA:420,1
LF:282
LH:282
BRDA:55,0,0,15
BRDA:64,1,0,15
BRDA:79,2,0,6
BRDA:86,3,0,1
BRDA:98,4,0,11
BRDA:103,5,0,1
BRDA:105,6,0,10
BRDA:111,7,0,3
BRDA:117,8,0,10
BRDA:132,9,0,10
BRDA:152,10,0,9
BRDA:153,11,0,2
BRDA:159,12,0,7
BRDA:161,13,0,2
BRDA:161,14,0,2
BRDA:169,15,0,7
BRDA:172,16,0,2
BRDA:176,17,0,5
BRDA:173,18,0,2
BRDA:195,19,0,4
BRDA:197,20,0,2
BRDA:197,21,0,1
BRDA:202,22,0,7
BRDA:211,23,0,1
BRDA:215,24,0,6
BRDA:244,25,0,6
BRDA:256,26,0,1
BRDA:260,27,0,5
BRDA:212,28,0,1
BRDA:223,29,0,1
BRDA:230,30,0,7
BRDA:231,31,0,1
BRDA:233,32,0,6
BRDA:240,33,0,5
BRDA:247,34,0,6
BRDA:251,35,0,8
BRDA:257,36,0,1
BRDA:262,37,0,6
BRDA:265,38,0,6
BRDA:266,39,0,4
BRDA:277,40,0,7
BRDA:278,41,0,5
BRDA:280,42,0,2
BRDA:291,43,0,4
BRDA:293,44,0,2
BRDA:296,45,0,25
BRDA:300,46,0,3
BRDA:313,47,0,6
BRDA:330,48,0,2
BRDA:337,49,0,2
BRDA:345,50,0,2
BRDA:349,51,0,2
BRDA:366,52,0,1
BRDA:376,53,0,5
BRDA:413,54,0,5
BRDA:417,55,0,5
BRDA:395,56,0,6
BRF:57
BRH:57
end_of_record
TN:
SF:src/report/ReportBuilderEvents.ts
FN:1,(empty-report)
FNF:1
FNH:1
FNDA:1,(empty-report)
LF:0
LH:0
BRDA:1,0,0,1
BRF:1
BRH:1
end_of_record
TN:
SF:src/report/SectionOptions.ts
FNF:0
FNH:0
LF:0
LH:0
BRF:0
BRH:0
end_of_record
TN:
SF:src/report/pageTypes.ts
FN:1,(empty-report)
FNF:1
FNH:1
FNDA:1,(empty-report)
LF:0
LH:0
BRDA:1,0,0,1
BRF:1
BRH:1
end_of_record
TN:
SF:src/report/sectionComponents.ts
FN:37,cloneElement
FN:41,cloneComponents
FNF:2
FNH:2
FNDA:40,cloneElement
FNDA:8,cloneComponents
DA:37,40
DA:38,40
DA:39,40
DA:41,1
DA:42,8
DA:43,8
DA:44,8
DA:45,8
DA:46,8
DA:47,8
DA:48,8
DA:49,8
DA:50,8
DA:51,8
LF:14
LH:14
BRDA:37,0,0,40
BRDA:38,1,0,20
BRDA:38,2,0,20
BRDA:41,3,0,8
BRF:4
BRH:4
end_of_record
TN:
SF:src/report/utils.ts
FN:6,getVisibleSize
FN:19,calculatePageSizes
FN:40,createSectionPageHeightPlugin
FN:48,afterPagination
FN:56,onNewPage
FN:68,shorthand
FN:74,lazyPromise
FN:85,jsonDataReader
FNF:8
FNH:8
FNDA:3,getVisibleSize
FNDA:2,calculatePageSizes
FNDA:4,createSectionPageHeightPlugin
FNDA:3,afterPagination
FNDA:2,onNewPage
FNDA:8,shorthand
FNDA:18,lazyPromise
FNDA:3,jsonDataReader
DA:1,1
DA:3,1
DA:6,1
DA:7,3
DA:8,3
DA:10,3
DA:11,3
DA:13,3
DA:14,3
DA:15,3
DA:16,3
DA:17,3
DA:19,1
DA:20,2
DA:21,2
DA:22,2
DA:28,2
DA:29,2
DA:30,2
DA:31,1
DA:32,1
DA:33,2
DA:34,1
DA:35,1
DA:37,2
DA:38,2
DA:40,1
DA:41,4
DA:42,4
DA:43,4
DA:44,4
DA:45,4
DA:46,4
DA:47,4
DA:48,4
DA:49,3
DA:52,3
DA:53,1
DA:54,1
DA:55,3
DA:56,4
DA:57,2
DA:58,2
DA:59,1
DA:60,1
DA:61,1
DA:62,1
DA:63,1
DA:64,2
DA:65,4
DA:66,4
DA:68,1
DA:69,8
DA:70,7
DA:71,1
DA:72,8
DA:74,1
DA:75,18
DA:77,18
DA:78,10
DA:79,5
DA:80,5
DA:81,10
DA:82,10
DA:83,18
DA:85,3
DA:86,3
DA:87,1
DA:88,1
DA:90,2
DA:91,3
DA:92,3
LF:72
LH:72
BRDA:6,0,0,3
BRDA:10,1,0,2
BRDA:11,2,0,2
BRDA:19,3,0,2
BRDA:30,4,0,1
BRDA:31,5,0,1
BRDA:33,6,0,1
BRDA:34,7,0,1
BRDA:40,8,0,4
BRDA:48,9,0,3
BRDA:49,10,0,1
BRDA:49,11,0,2
BRDA:52,12,0,1
BRDA:56,13,0,2
BRDA:58,14,0,1
BRDA:68,15,0,8
BRDA:69,16,0,7
BRDA:70,17,0,1
BRDA:74,18,0,18
BRDA:77,19,0,10
BRDA:78,20,0,5
BRDA:85,21,0,3
BRDA:86,22,0,1
BRDA:88,23,0,2
BRDA:90,24,0,2
BRDA:91,25,0,1
BRDA:91,26,0,1
BRF:27
BRH:27
end_of_record
